C:\USERS\ERIK\DOCUMENTS\RESEARCH\BOOK\WEBSITE\WORK\QUANTFINCODE 1.01\CHAPTER 8\MCFXOPT\RELEASE\MCFXOPT.OBJ
C:\USERS\ERIK\DOCUMENTS\RESEARCH\BOOK\WEBSITE\WORK\QUANTFINCODE 1.01\CHAPTER 8\MCFXOPT\RELEASE\VC110.PDB
C:\USERS\ERIK\DOCUMENTS\RESEARCH\BOOK\WEBSITE\WORK\QUANTFINCODE 1.01\CHAPTER 8\RELEASE\MCFXOPT.EXE
C:\USERS\ERIK\DOCUMENTS\RESEARCH\BOOK\WEBSITE\WORK\QUANTFINCODE 1.01\CHAPTER 8\RELEASE\MCFXOPT.PDB
C:\Users\Erik\Documents\Research\Book\Website\Work\QuantFinCode 1.02\Chapter 8\MCFXOpt\Release\MCFXOpt.vcxprojResolveAssemblyReference.cache
C:\Users\Erik\Documents\Research\Book\Website\Work\QuantFinCode 1.02\Chapter 8\MCFXOpt\Release\MCFXOpt.obj
C:\Users\Erik\Documents\Research\Book\Website\Work\QuantFinCode 1.02\Chapter 8\MCFXOpt\Release\cl.command.1.tlog
C:\Users\Erik\Documents\Research\Book\Website\Work\QuantFinCode 1.02\Chapter 8\MCFXOpt\Release\CL.read.1.tlog
C:\Users\Erik\Documents\Research\Book\Website\Work\QuantFinCode 1.02\Chapter 8\MCFXOpt\Release\CL.write.1.tlog
C:\Users\Erik\Documents\Research\Book\Website\Work\QuantFinCode 1.02\Chapter 8\MCFXOpt\Release\link-cvtres.read.1.tlog
C:\Users\Erik\Documents\Research\Book\Website\Work\QuantFinCode 1.02\Chapter 8\MCFXOpt\Release\link-cvtres.write.1.tlog
C:\Users\Erik\Documents\Research\Book\Website\Work\QuantFinCode 1.02\Chapter 8\MCFXOpt\Release\link-rc.read.1.tlog
C:\Users\Erik\Documents\Research\Book\Website\Work\QuantFinCode 1.02\Chapter 8\MCFXOpt\Release\link-rc.write.1.tlog
C:\Users\Erik\Documents\Research\Book\Website\Work\QuantFinCode 1.02\Chapter 8\MCFXOpt\Release\link.command.1.tlog
C:\Users\Erik\Documents\Research\Book\Website\Work\QuantFinCode 1.02\Chapter 8\MCFXOpt\Release\link.read.1.tlog
C:\Users\Erik\Documents\Research\Book\Website\Work\QuantFinCode 1.02\Chapter 8\MCFXOpt\Release\link.read.2.tlog
C:\Users\Erik\Documents\Research\Book\Website\Work\QuantFinCode 1.02\Chapter 8\MCFXOpt\Release\link.write.1.tlog
C:\Users\Erik\Documents\Research\Book\Website\Work\QuantFinCode 1.02\Chapter 8\MCFXOpt\Release\vc110.pdb
C:\Users\Erik\Documents\Research\Book\Website\Work\QuantFinCode 1.02\Chapter 8\Release\MCFXOpt.pdb
C:\Users\Erik\Documents\Research\Book\Website\Work\QuantFinCode 1.02\Chapter 8\Release\MCFXOpt.exe
