C:\USERS\ERIK\DOCUMENTS\RESEARCH\BOOK\WEBSITE\CHAPTER 7\MCDOWNANDOUT\RELEASE\MCDOWNANDOUT.OBJ
C:\USERS\ERIK\DOCUMENTS\RESEARCH\BOOK\WEBSITE\CHAPTER 7\MCDOWNANDOUT\RELEASE\VC110.PDB
C:\USERS\ERIK\DOCUMENTS\RESEARCH\BOOK\WEBSITE\WORK\QUANTFINCODE 1.02\CHAPTER 7\MCDOWNANDOUT\RELEASE\MCDOWNANDOUT.OBJ
C:\USERS\ERIK\DOCUMENTS\RESEARCH\BOOK\WEBSITE\WORK\QUANTFINCODE 1.02\CHAPTER 7\MCDOWNANDOUT\RELEASE\VC110.PDB
C:\USERS\ERIK\DOCUMENTS\RESEARCH\BOOK\WEBSITE\CHAPTER 7\RELEASE\MCDOWNANDOUT.EXE
C:\USERS\ERIK\DOCUMENTS\RESEARCH\BOOK\WEBSITE\CHAPTER 7\RELEASE\MCDOWNANDOUT.PDB
C:\USERS\ERIK\DOCUMENTS\RESEARCH\BOOK\WEBSITE\WORK\QUANTFINCODE 1.02\CHAPTER 7\RELEASE\MCDOWNANDOUT.EXE
C:\USERS\ERIK\DOCUMENTS\RESEARCH\BOOK\WEBSITE\WORK\QUANTFINCODE 1.02\CHAPTER 7\RELEASE\MCDOWNANDOUT.PDB
C:\Users\Erik\Documents\Research\Book\Website\Work\QuantFinCode 1.02\Chapter 7\MCDownandout\Release\MCDownandout.vcxprojResolveAssemblyReference.cache
C:\Users\Erik\Documents\Research\Book\Website\Work\QuantFinCode 1.02\Chapter 7\MCDownandout\Release\MCDownandout.obj
C:\Users\Erik\Documents\Research\Book\Website\Work\QuantFinCode 1.02\Chapter 7\MCDownandout\Release\cl.command.1.tlog
C:\Users\Erik\Documents\Research\Book\Website\Work\QuantFinCode 1.02\Chapter 7\MCDownandout\Release\CL.read.1.tlog
C:\Users\Erik\Documents\Research\Book\Website\Work\QuantFinCode 1.02\Chapter 7\MCDownandout\Release\CL.write.1.tlog
C:\Users\Erik\Documents\Research\Book\Website\Work\QuantFinCode 1.02\Chapter 7\MCDownandout\Release\link-cvtres.read.1.tlog
C:\Users\Erik\Documents\Research\Book\Website\Work\QuantFinCode 1.02\Chapter 7\MCDownandout\Release\link-cvtres.write.1.tlog
C:\Users\Erik\Documents\Research\Book\Website\Work\QuantFinCode 1.02\Chapter 7\MCDownandout\Release\link-rc.read.1.tlog
C:\Users\Erik\Documents\Research\Book\Website\Work\QuantFinCode 1.02\Chapter 7\MCDownandout\Release\link-rc.write.1.tlog
C:\Users\Erik\Documents\Research\Book\Website\Work\QuantFinCode 1.02\Chapter 7\MCDownandout\Release\link.command.1.tlog
C:\Users\Erik\Documents\Research\Book\Website\Work\QuantFinCode 1.02\Chapter 7\MCDownandout\Release\link.read.1.tlog
C:\Users\Erik\Documents\Research\Book\Website\Work\QuantFinCode 1.02\Chapter 7\MCDownandout\Release\link.read.3.tlog
C:\Users\Erik\Documents\Research\Book\Website\Work\QuantFinCode 1.02\Chapter 7\MCDownandout\Release\link.write.1.tlog
C:\Users\Erik\Documents\Research\Book\Website\Work\QuantFinCode 1.02\Chapter 7\MCDownandout\Release\vc110.pdb
C:\Users\Erik\Documents\Research\Book\Website\Work\QuantFinCode 1.02\Chapter 7\Release\MCDownandout.pdb
C:\Users\Erik\Documents\Research\Book\Website\Work\QuantFinCode 1.02\Chapter 7\Release\MCDownandout.exe
