C:\USERS\ERIK\DOCUMENTS\RESEARCH\BOOK\WEBSITE\WORK\QUANTFINCODE 1.01\CHAPTER 8\MCBSFOREIGNOPT\RELEASE\MCBSFOREIGNOPT.OBJ
C:\USERS\ERIK\DOCUMENTS\RESEARCH\BOOK\WEBSITE\WORK\QUANTFINCODE 1.01\CHAPTER 8\MCBSFOREIGNOPT\RELEASE\VC110.PDB
C:\USERS\ERIK\DOCUMENTS\RESEARCH\BOOK\WEBSITE\WORK\QUANTFINCODE 1.01\CHAPTER 8\RELEASE\MCBSFOREIGNOPT.EXE
C:\USERS\ERIK\DOCUMENTS\RESEARCH\BOOK\WEBSITE\WORK\QUANTFINCODE 1.01\CHAPTER 8\RELEASE\MCBSFOREIGNOPT.PDB
C:\Users\Erik\Documents\Research\Book\Website\Work\QuantFinCode 1.02\Chapter 8\MCBSForeignOpt\Release\MCBSForeignOpt.vcxprojResolveAssemblyReference.cache
C:\Users\Erik\Documents\Research\Book\Website\Work\QuantFinCode 1.02\Chapter 8\MCBSForeignOpt\Release\MCBSForeignOpt.obj
C:\Users\Erik\Documents\Research\Book\Website\Work\QuantFinCode 1.02\Chapter 8\MCBSForeignOpt\Release\cl.command.1.tlog
C:\Users\Erik\Documents\Research\Book\Website\Work\QuantFinCode 1.02\Chapter 8\MCBSForeignOpt\Release\CL.read.1.tlog
C:\Users\Erik\Documents\Research\Book\Website\Work\QuantFinCode 1.02\Chapter 8\MCBSForeignOpt\Release\CL.write.1.tlog
C:\Users\Erik\Documents\Research\Book\Website\Work\QuantFinCode 1.02\Chapter 8\MCBSForeignOpt\Release\link-cvtres.read.1.tlog
C:\Users\Erik\Documents\Research\Book\Website\Work\QuantFinCode 1.02\Chapter 8\MCBSForeignOpt\Release\link-cvtres.write.1.tlog
C:\Users\Erik\Documents\Research\Book\Website\Work\QuantFinCode 1.02\Chapter 8\MCBSForeignOpt\Release\link-rc.read.1.tlog
C:\Users\Erik\Documents\Research\Book\Website\Work\QuantFinCode 1.02\Chapter 8\MCBSForeignOpt\Release\link-rc.write.1.tlog
C:\Users\Erik\Documents\Research\Book\Website\Work\QuantFinCode 1.02\Chapter 8\MCBSForeignOpt\Release\link.command.1.tlog
C:\Users\Erik\Documents\Research\Book\Website\Work\QuantFinCode 1.02\Chapter 8\MCBSForeignOpt\Release\link.read.1.tlog
C:\Users\Erik\Documents\Research\Book\Website\Work\QuantFinCode 1.02\Chapter 8\MCBSForeignOpt\Release\link.read.2.tlog
C:\Users\Erik\Documents\Research\Book\Website\Work\QuantFinCode 1.02\Chapter 8\MCBSForeignOpt\Release\link.write.1.tlog
C:\Users\Erik\Documents\Research\Book\Website\Work\QuantFinCode 1.02\Chapter 8\MCBSForeignOpt\Release\vc110.pdb
C:\Users\Erik\Documents\Research\Book\Website\Work\QuantFinCode 1.02\Chapter 8\Release\MCBSForeignOpt.pdb
C:\Users\Erik\Documents\Research\Book\Website\Work\QuantFinCode 1.02\Chapter 8\Release\MCBSForeignOpt.exe
