C:\USERS\ERIK\DOCUMENTS\RESEARCH\BOOK\WEBSITE\WORK\QUANTFINCODE 1.02\THIRD PARTY DISTRIBUTIONS\XLW-5.0.1F0\XLW\EXAMPLES\START HERE - EXAMPLE\VC11\RELEASE\OBJ\ESXLWPROJECT.OBJ
C:\USERS\ERIK\DOCUMENTS\RESEARCH\BOOK\WEBSITE\WORK\QUANTFINCODE 1.02\THIRD PARTY DISTRIBUTIONS\XLW-5.0.1F0\XLW\EXAMPLES\START HERE - EXAMPLE\VC11\RELEASE\OBJ\XLWTEST.OBJ
C:\USERS\ERIK\DOCUMENTS\RESEARCH\BOOK\WEBSITE\WORK\QUANTFINCODE 1.02\THIRD PARTY DISTRIBUTIONS\XLW-5.0.1F0\XLW\EXAMPLES\START HERE - EXAMPLE\VC11\RELEASE\OBJ\VC110.PDB
C:\USERS\ERIK\DOCUMENTS\RESEARCH\BOOK\WEBSITE\WORK\QUANTFINCODE 1.02\THIRD PARTY DISTRIBUTIONS\XLW-5.0.1F0\XLW\EXAMPLES\START HERE - EXAMPLE\VC11\RELEASE\OBJ\TEST.OBJ
C:\Users\Erik\Documents\Research\Book\Website\Work\QuantFinCode 1.02\Third party distributions\xlw-5.0.1f0\xlw\examples\Start Here - Example\vc11\Release\obj\ESXLWProject.lib
C:\Users\Erik\Documents\Research\Book\Website\Work\QuantFinCode 1.02\Third party distributions\xlw-5.0.1f0\xlw\examples\Start Here - Example\vc11\Release\obj\ESXLWProject.exp
C:\USERS\ERIK\DOCUMENTS\RESEARCH\BOOK\WEBSITE\WORK\QUANTFINCODE 1.02\THIRD PARTY DISTRIBUTIONS\XLW-5.0.1F0\XLW\EXAMPLES\START HERE - EXAMPLE\VC11\RELEASE\ESXLWPROJECT.XLL
C:\Users\Erik\Documents\Research\Book\Website\Work\QuantFinCode 1.02\Third party distributions\xlw-5.0.1f0\xlw\examples\Start Here - Example\vc11\Release\obj\ESXLL.vcxprojResolveAssemblyReference.cache
C:\Users\Erik\Documents\Research\Book\Website\Work\QuantFinCode 1.02\Third party distributions\xlw-5.0.1f0\xlw\examples\Start Here - Example\vc11\Release\obj\ESXLWProject.obj
C:\Users\Erik\Documents\Research\Book\Website\Work\QuantFinCode 1.02\Third party distributions\xlw-5.0.1f0\xlw\examples\Start Here - Example\vc11\Release\obj\Test.obj
C:\Users\Erik\Documents\Research\Book\Website\Work\QuantFinCode 1.02\Third party distributions\xlw-5.0.1f0\xlw\examples\Start Here - Example\vc11\Release\obj\xlwTest.obj
C:\Users\Erik\Documents\Research\Book\Website\Work\QuantFinCode 1.02\Third party distributions\xlw-5.0.1f0\xlw\examples\Start Here - Example\vc11\Release\obj\cl.command.1.tlog
C:\Users\Erik\Documents\Research\Book\Website\Work\QuantFinCode 1.02\Third party distributions\xlw-5.0.1f0\xlw\examples\Start Here - Example\vc11\Release\obj\CL.read.1.tlog
C:\Users\Erik\Documents\Research\Book\Website\Work\QuantFinCode 1.02\Third party distributions\xlw-5.0.1f0\xlw\examples\Start Here - Example\vc11\Release\obj\CL.write.1.tlog
C:\Users\Erik\Documents\Research\Book\Website\Work\QuantFinCode 1.02\Third party distributions\xlw-5.0.1f0\xlw\examples\Start Here - Example\vc11\Release\obj\ESXLL.write.1.tlog
C:\Users\Erik\Documents\Research\Book\Website\Work\QuantFinCode 1.02\Third party distributions\xlw-5.0.1f0\xlw\examples\Start Here - Example\vc11\Release\obj\link-cvtres.read.1.tlog
C:\Users\Erik\Documents\Research\Book\Website\Work\QuantFinCode 1.02\Third party distributions\xlw-5.0.1f0\xlw\examples\Start Here - Example\vc11\Release\obj\link-cvtres.write.1.tlog
C:\Users\Erik\Documents\Research\Book\Website\Work\QuantFinCode 1.02\Third party distributions\xlw-5.0.1f0\xlw\examples\Start Here - Example\vc11\Release\obj\link-rc.read.1.tlog
C:\Users\Erik\Documents\Research\Book\Website\Work\QuantFinCode 1.02\Third party distributions\xlw-5.0.1f0\xlw\examples\Start Here - Example\vc11\Release\obj\link-rc.write.1.tlog
C:\Users\Erik\Documents\Research\Book\Website\Work\QuantFinCode 1.02\Third party distributions\xlw-5.0.1f0\xlw\examples\Start Here - Example\vc11\Release\obj\link.1276-cvtres.read.1.tlog
C:\Users\Erik\Documents\Research\Book\Website\Work\QuantFinCode 1.02\Third party distributions\xlw-5.0.1f0\xlw\examples\Start Here - Example\vc11\Release\obj\link.1276-cvtres.write.1.tlog
C:\Users\Erik\Documents\Research\Book\Website\Work\QuantFinCode 1.02\Third party distributions\xlw-5.0.1f0\xlw\examples\Start Here - Example\vc11\Release\obj\link.1276-rc.read.1.tlog
C:\Users\Erik\Documents\Research\Book\Website\Work\QuantFinCode 1.02\Third party distributions\xlw-5.0.1f0\xlw\examples\Start Here - Example\vc11\Release\obj\link.1276-rc.write.1.tlog
C:\Users\Erik\Documents\Research\Book\Website\Work\QuantFinCode 1.02\Third party distributions\xlw-5.0.1f0\xlw\examples\Start Here - Example\vc11\Release\obj\link.1276.read.1.tlog
C:\Users\Erik\Documents\Research\Book\Website\Work\QuantFinCode 1.02\Third party distributions\xlw-5.0.1f0\xlw\examples\Start Here - Example\vc11\Release\obj\link.1276.read.3.tlog
C:\Users\Erik\Documents\Research\Book\Website\Work\QuantFinCode 1.02\Third party distributions\xlw-5.0.1f0\xlw\examples\Start Here - Example\vc11\Release\obj\link.1276.write.1.tlog
C:\Users\Erik\Documents\Research\Book\Website\Work\QuantFinCode 1.02\Third party distributions\xlw-5.0.1f0\xlw\examples\Start Here - Example\vc11\Release\obj\link.6264-cvtres.read.1.tlog
C:\Users\Erik\Documents\Research\Book\Website\Work\QuantFinCode 1.02\Third party distributions\xlw-5.0.1f0\xlw\examples\Start Here - Example\vc11\Release\obj\link.6264-cvtres.write.1.tlog
C:\Users\Erik\Documents\Research\Book\Website\Work\QuantFinCode 1.02\Third party distributions\xlw-5.0.1f0\xlw\examples\Start Here - Example\vc11\Release\obj\link.6264-rc.read.1.tlog
C:\Users\Erik\Documents\Research\Book\Website\Work\QuantFinCode 1.02\Third party distributions\xlw-5.0.1f0\xlw\examples\Start Here - Example\vc11\Release\obj\link.6264-rc.write.1.tlog
C:\Users\Erik\Documents\Research\Book\Website\Work\QuantFinCode 1.02\Third party distributions\xlw-5.0.1f0\xlw\examples\Start Here - Example\vc11\Release\obj\link.6264.read.1.tlog
C:\Users\Erik\Documents\Research\Book\Website\Work\QuantFinCode 1.02\Third party distributions\xlw-5.0.1f0\xlw\examples\Start Here - Example\vc11\Release\obj\link.6264.read.2.tlog
C:\Users\Erik\Documents\Research\Book\Website\Work\QuantFinCode 1.02\Third party distributions\xlw-5.0.1f0\xlw\examples\Start Here - Example\vc11\Release\obj\link.6264.write.1.tlog
C:\Users\Erik\Documents\Research\Book\Website\Work\QuantFinCode 1.02\Third party distributions\xlw-5.0.1f0\xlw\examples\Start Here - Example\vc11\Release\obj\link.command.1.tlog
C:\Users\Erik\Documents\Research\Book\Website\Work\QuantFinCode 1.02\Third party distributions\xlw-5.0.1f0\xlw\examples\Start Here - Example\vc11\Release\obj\link.read.1.tlog
C:\Users\Erik\Documents\Research\Book\Website\Work\QuantFinCode 1.02\Third party distributions\xlw-5.0.1f0\xlw\examples\Start Here - Example\vc11\Release\obj\link.write.1.tlog
C:\Users\Erik\Documents\Research\Book\Website\Work\QuantFinCode 1.02\Third party distributions\xlw-5.0.1f0\xlw\examples\Start Here - Example\vc11\Release\obj\FirstExample.exp
C:\Users\Erik\Documents\Research\Book\Website\Work\QuantFinCode 1.02\Third party distributions\xlw-5.0.1f0\xlw\examples\Start Here - Example\vc11\Release\obj\vc110.pdb
C:\Users\Erik\Documents\Research\Book\Website\Work\QuantFinCode 1.02\Third party distributions\xlw-5.0.1f0\xlw\examples\Start Here - Example\vc11\.\Release\ESXLWProject.xll
