Build started 7/02/2014 4:28:09 PM.
     1>Project "C:\Users\Erik\Documents\Research\Book\Website\Work\QuantFinCode 1.02\Third party distributions\xlw-5.0.1f0\xlw\examples\Start Here - Example\vc11\XLL.vcxproj" on node 2 (Build target(s)).
     1>ClCompile:
         C:\Program Files (x86)\Microsoft Visual Studio 11.0\VC\bin\CL.exe /c /I"C:\Program Files (x86)\XLW\xlw-5.0.1f0\xlw\include" /I..\common_source /Zi /nologo /W3 /WX- /O2 /Ob1 /Oy- /D WIN32 /D NDEBUG /D _WINDOWS /D _USRDLL /D XLWVISIO_EXPORTS /D _VC80_UPGRADE=0x0710 /D _WINDLL /D _MBCS /GF /Gm- /EHsc /MD /GS /Gy /fp:precise /Zc:wchar_t /Zc:forScope /Fo".\Release\obj\\" /Fd".\Release\obj\vc110.pdb" /Gd /TP /analyze- /errorReport:prompt ..\common_source\Test.cpp
         Test.cpp
       Link:
         C:\Program Files (x86)\Microsoft Visual Studio 11.0\VC\bin\link.exe /ERRORREPORT:PROMPT /OUT:".\Release\\FirstExample.xll" /INCREMENTAL:NO /NOLOGO /LIBPATH:"C:\Program Files (x86)\XLW\xlw-5.0.1f0\xlw\lib" "xlw-vc110-mt-5_0_1f0.lib" kernel32.lib user32.lib gdi32.lib winspool.lib comdlg32.lib advapi32.lib shell32.lib ole32.lib oleaut32.lib uuid.lib odbc32.lib odbccp32.lib /MANIFEST /MANIFESTUAC:"level='asInvoker' uiAccess='false'" /manifest:embed /PDB:".\Release/ExampleAutogenerated.pdb" /TLBID:1 /DYNAMICBASE:NO /IMPLIB:".\Release\obj\/FirstExample.lib" /MACHINE:X86 /SAFESEH /DLL .\Release\obj\Test.obj
         .\Release\obj\xlwTest.obj
            Creating library .\Release\obj\/FirstExample.lib and object .\Release\obj\/FirstExample.exp
     1>xlwTest.obj : error LNK2019: unresolved external symbol "class std::basic_string<char,struct std::char_traits<char>,class std::allocator<char> > __cdecl EriksEmptyArgFunction(void)" (?EriksEmptyArgFunction@@YA?AV?$basic_string@DU?$char_traits@D@std@@V?$allocator@D@2@@std@@XZ) referenced in function _xlEriksEmptyArgFunction
     1>xlwTest.obj : error LNK2019: unresolved external symbol "class std::vector<double,class std::allocator<double> > __cdecl ErikEchoArray(class std::vector<double,class std::allocator<double> > const &)" (?ErikEchoArray@@YA?AV?$vector@NV?$allocator@N@std@@@std@@ABV12@@Z) referenced in function _xlErikEchoArray
     1>xlwTest.obj : error LNK2019: unresolved external symbol "class std::vector<double,class std::allocator<double> > __cdecl ESLogLinear(class std::vector<double,class std::allocator<double> > const &,class std::vector<double,class std::allocator<double> > const &,class std::vector<double,class std::allocator<double> > const &)" (?ESLogLinear@@YA?AV?$vector@NV?$allocator@N@std@@@std@@ABV12@00@Z) referenced in function _xlESLogLinear
     1>xlwTest.obj : error LNK2019: unresolved external symbol "class std::vector<double,class std::allocator<double> > __cdecl ESLogLinearMatrix(class xlw::NCMatrix const &,class std::vector<double,class std::allocator<double> > const &)" (?ESLogLinearMatrix@@YA?AV?$vector@NV?$allocator@N@std@@@std@@ABVNCMatrix@xlw@@ABV12@@Z) referenced in function _xlESLogLinearMatrix
     1>xlwTest.obj : error LNK2019: unresolved external symbol "double __cdecl ESBlackScholes(double,double,double,double,double,int)" (?ESBlackScholes@@YANNNNNNH@Z) referenced in function _xlESBlackScholes
     1>xlwTest.obj : error LNK2019: unresolved external symbol "double __cdecl ESCoxRossRubinstein(double,double,double,double,double,int,int)" (?ESCoxRossRubinstein@@YANNNNNNHH@Z) referenced in function _xlESCoxRossRubinstein
     1>xlwTest.obj : error LNK2019: unresolved external symbol "double __cdecl ESCoxRossRubinsteinAmerican(double,double,double,double,double,int)" (?ESCoxRossRubinsteinAmerican@@YANNNNNNH@Z) referenced in function _xlESCoxRossRubinsteinAmerican
     1>.\Release\\FirstExample.xll : fatal error LNK1120: 7 unresolved externals
     1>Done Building Project "C:\Users\Erik\Documents\Research\Book\Website\Work\QuantFinCode 1.02\Third party distributions\xlw-5.0.1f0\xlw\examples\Start Here - Example\vc11\XLL.vcxproj" (Build target(s)) -- FAILED.

Build FAILED.

Time Elapsed 00:00:03.18
