C:\USERS\ERIK\DOCUMENTS\RESEARCH\BOOK\WEBSITE\WORK\QUANTFINCODE 1.01\CHAPTER 8\LSMCHJM\RELEASE\LSMCHJM.OBJ
C:\USERS\ERIK\DOCUMENTS\RESEARCH\BOOK\WEBSITE\WORK\QUANTFINCODE 1.01\CHAPTER 8\LSMCHJM\RELEASE\VC110.PDB
C:\USERS\ERIK\DOCUMENTS\RESEARCH\BOOK\WEBSITE\WORK\QUANTFINCODE 1.01\CHAPTER 8\RELEASE\LSMCHJM.EXE
C:\USERS\ERIK\DOCUMENTS\RESEARCH\BOOK\WEBSITE\WORK\QUANTFINCODE 1.01\CHAPTER 8\RELEASE\LSMCHJM.PDB
C:\Users\Erik\Documents\Research\Book\Website\Work\QuantFinCode 1.02\Chapter 8\LSMCHJM\Release\LSMCHJM.vcxprojResolveAssemblyReference.cache
C:\Users\Erik\Documents\Research\Book\Website\Work\QuantFinCode 1.02\Chapter 8\LSMCHJM\Release\LSMCHJM.obj
C:\Users\Erik\Documents\Research\Book\Website\Work\QuantFinCode 1.02\Chapter 8\LSMCHJM\Release\cl.command.1.tlog
C:\Users\Erik\Documents\Research\Book\Website\Work\QuantFinCode 1.02\Chapter 8\LSMCHJM\Release\CL.read.1.tlog
C:\Users\Erik\Documents\Research\Book\Website\Work\QuantFinCode 1.02\Chapter 8\LSMCHJM\Release\CL.write.1.tlog
C:\Users\Erik\Documents\Research\Book\Website\Work\QuantFinCode 1.02\Chapter 8\LSMCHJM\Release\link-cvtres.read.1.tlog
C:\Users\Erik\Documents\Research\Book\Website\Work\QuantFinCode 1.02\Chapter 8\LSMCHJM\Release\link-cvtres.write.1.tlog
C:\Users\Erik\Documents\Research\Book\Website\Work\QuantFinCode 1.02\Chapter 8\LSMCHJM\Release\link-rc.read.1.tlog
C:\Users\Erik\Documents\Research\Book\Website\Work\QuantFinCode 1.02\Chapter 8\LSMCHJM\Release\link-rc.write.1.tlog
C:\Users\Erik\Documents\Research\Book\Website\Work\QuantFinCode 1.02\Chapter 8\LSMCHJM\Release\link.command.1.tlog
C:\Users\Erik\Documents\Research\Book\Website\Work\QuantFinCode 1.02\Chapter 8\LSMCHJM\Release\link.read.1.tlog
C:\Users\Erik\Documents\Research\Book\Website\Work\QuantFinCode 1.02\Chapter 8\LSMCHJM\Release\link.read.5.tlog
C:\Users\Erik\Documents\Research\Book\Website\Work\QuantFinCode 1.02\Chapter 8\LSMCHJM\Release\link.write.1.tlog
C:\Users\Erik\Documents\Research\Book\Website\Work\QuantFinCode 1.02\Chapter 8\LSMCHJM\Release\vc110.pdb
C:\Users\Erik\Documents\Research\Book\Website\Work\QuantFinCode 1.02\Chapter 8\Release\LSMCHJM.pdb
C:\Users\Erik\Documents\Research\Book\Website\Work\QuantFinCode 1.02\Chapter 8\Release\LSMCHJM.exe
