C:\USERS\ERIKS\RESEARCH\BOOK\WORK\QUANTFINCODE 1.02\OBJECTHANDLERQFEXAMPLE\BUILDXLLSTATIC\VC110\WIN32\RELEASE\TSOBJECT.OBJ
C:\USERS\ERIKS\RESEARCH\BOOK\WORK\QUANTFINCODE 1.02\OBJECTHANDLERQFEXAMPLE\BUILDXLLSTATIC\VC110\WIN32\RELEASE\TESTOBJECT.OBJ
C:\USERS\ERIKS\RESEARCH\BOOK\WORK\QUANTFINCODE 1.02\OBJECTHANDLERQFEXAMPLE\BUILDXLLSTATIC\VC110\WIN32\RELEASE\ADDINSTATIC.OBJ
C:\USERS\ERIKS\RESEARCH\BOOK\WORK\QUANTFINCODE 1.02\OBJECTHANDLERQFEXAMPLE\BUILDXLLSTATIC\VC110\WIN32\RELEASE\VC110.PDB
C:\Users\eriks\Research\Book\Work\QuantFinCode 1.02\ObjectHandlerQFExample\buildXllStatic\vc110\Win32\Release\ExampleXLLStatic-vc110-mt-1_4_0.lib
C:\Users\eriks\Research\Book\Work\QuantFinCode 1.02\ObjectHandlerQFExample\buildXllStatic\vc110\Win32\Release\ExampleXLLStatic-vc110-mt-1_4_0.exp
C:\USERS\ERIKS\RESEARCH\BOOK\WORK\QUANTFINCODE 1.02\OBJECTHANDLERQFEXAMPLE\XLL\EXAMPLEXLLSTATIC-VC110-MT-1_4_0.XLL
C:\USERS\ERIKS\RESEARCH\BOOK\WORK\QUANTFINCODE 1.02\OBJECTHANDLERQFEXAMPLE\BUILDXLLSTATIC\VC110\WIN32\RELEASE\EXAMPLEXLLSTATIC-VC110-MT-1_4_0.XLL.INTERMEDIATE.MANIFEST
C:\USERS\ERIKS\RESEARCH\BOOK\WORK\QUANTFINCODE 1.02\OBJECTHANDLERQFEXAMPLE\XLL\EXAMPLEXLLSTATIC-VC110-MT-1_4_0.XLL.MANIFEST
C:\Users\eriks\Research\Book\Work\QuantFinCode 1.02\ObjectHandlerQFExample\buildXllStatic\vc110\Win32\Release\addinstatic.obj
C:\Users\eriks\Research\Book\Work\QuantFinCode 1.02\ObjectHandlerQFExample\buildXllStatic\vc110\Win32\Release\TestObject.obj
C:\Users\eriks\Research\Book\Work\QuantFinCode 1.02\ObjectHandlerQFExample\buildXllStatic\vc110\Win32\Release\TSObject.obj
C:\Users\eriks\Research\Book\Work\QuantFinCode 1.02\ObjectHandlerQFExample\buildXllStatic\vc110\Win32\Release\cl.command.1.tlog
C:\Users\eriks\Research\Book\Work\QuantFinCode 1.02\ObjectHandlerQFExample\buildXllStatic\vc110\Win32\Release\CL.read.1.tlog
C:\Users\eriks\Research\Book\Work\QuantFinCode 1.02\ObjectHandlerQFExample\buildXllStatic\vc110\Win32\Release\CL.write.1.tlog
C:\Users\eriks\Research\Book\Work\QuantFinCode 1.02\ObjectHandlerQFExample\buildXllStatic\vc110\Win32\Release\ExampleXllStatic.write.1.tlog
C:\Users\eriks\Research\Book\Work\QuantFinCode 1.02\ObjectHandlerQFExample\buildXllStatic\vc110\Win32\Release\link.5652.read.1.tlog
C:\Users\eriks\Research\Book\Work\QuantFinCode 1.02\ObjectHandlerQFExample\buildXllStatic\vc110\Win32\Release\link.5652.read.2.tlog
C:\Users\eriks\Research\Book\Work\QuantFinCode 1.02\ObjectHandlerQFExample\buildXllStatic\vc110\Win32\Release\link.5652.write.1.tlog
C:\Users\eriks\Research\Book\Work\QuantFinCode 1.02\ObjectHandlerQFExample\buildXllStatic\vc110\Win32\Release\link.command.1.tlog
C:\Users\eriks\Research\Book\Work\QuantFinCode 1.02\ObjectHandlerQFExample\buildXllStatic\vc110\Win32\Release\link.read.1.tlog
C:\Users\eriks\Research\Book\Work\QuantFinCode 1.02\ObjectHandlerQFExample\buildXllStatic\vc110\Win32\Release\link.write.1.tlog
C:\Users\eriks\Research\Book\Work\QuantFinCode 1.02\ObjectHandlerQFExample\buildXllStatic\vc110\Win32\Release\mt.command.1.tlog
C:\Users\eriks\Research\Book\Work\QuantFinCode 1.02\ObjectHandlerQFExample\buildXllStatic\vc110\Win32\Release\mt.read.1.tlog
C:\Users\eriks\Research\Book\Work\QuantFinCode 1.02\ObjectHandlerQFExample\buildXllStatic\vc110\Win32\Release\mt.write.1.tlog
C:\Users\eriks\Research\Book\Work\QuantFinCode 1.02\ObjectHandlerQFExample\buildXllStatic\vc110\Win32\Release\ExampleXllStatic-vc110-mt-1_4_0.xll.intermediate.manifest
C:\Users\eriks\Research\Book\Work\QuantFinCode 1.02\ObjectHandlerQFExample\buildXllStatic\vc110\Win32\Release\vc110.pdb
C:\Users\eriks\Research\Book\Work\QuantFinCode 1.02\ObjectHandlerQFExample\.\xll\ExampleXllStatic-vc110-mt-1_4_0.xll.manifest
C:\Users\eriks\Research\Book\Work\QuantFinCode 1.02\ObjectHandlerQFExample\.\xll\ExampleXllStatic-vc110-mt-1_4_0.xll
