C:\USERS\ERIK\DOCUMENTS\RESEARCH\BOOK\WEBSITE\WORK\QUANTFINCODE 1.02\CHAPTER 7\LSMCPATH\RELEASE\LSMCPATH.OBJ
C:\USERS\ERIK\DOCUMENTS\RESEARCH\BOOK\WEBSITE\WORK\QUANTFINCODE 1.02\CHAPTER 7\LSMCPATH\RELEASE\VC110.PDB
C:\USERS\ERIK\DOCUMENTS\RESEARCH\BOOK\WEBSITE\WORK\QUANTFINCODE 1.02\CHAPTER 7\RELEASE\LSMCPATH.EXE
C:\USERS\ERIK\DOCUMENTS\RESEARCH\BOOK\WEBSITE\WORK\QUANTFINCODE 1.02\CHAPTER 7\RELEASE\LSMCPATH.PDB
C:\Users\Erik\Documents\Research\Book\Website\Work\QuantFinCode 1.02\Chapter 7\LSMCpath\Release\LSMCpath.vcxprojResolveAssemblyReference.cache
C:\Users\Erik\Documents\Research\Book\Website\Work\QuantFinCode 1.02\Chapter 7\LSMCpath\Release\LSMCpath.obj
C:\Users\Erik\Documents\Research\Book\Website\Work\QuantFinCode 1.02\Chapter 7\LSMCpath\Release\cl.command.1.tlog
C:\Users\Erik\Documents\Research\Book\Website\Work\QuantFinCode 1.02\Chapter 7\LSMCpath\Release\CL.read.1.tlog
C:\Users\Erik\Documents\Research\Book\Website\Work\QuantFinCode 1.02\Chapter 7\LSMCpath\Release\CL.write.1.tlog
C:\Users\Erik\Documents\Research\Book\Website\Work\QuantFinCode 1.02\Chapter 7\LSMCpath\Release\link-cvtres.read.1.tlog
C:\Users\Erik\Documents\Research\Book\Website\Work\QuantFinCode 1.02\Chapter 7\LSMCpath\Release\link-cvtres.write.1.tlog
C:\Users\Erik\Documents\Research\Book\Website\Work\QuantFinCode 1.02\Chapter 7\LSMCpath\Release\link-rc.read.1.tlog
C:\Users\Erik\Documents\Research\Book\Website\Work\QuantFinCode 1.02\Chapter 7\LSMCpath\Release\link-rc.write.1.tlog
C:\Users\Erik\Documents\Research\Book\Website\Work\QuantFinCode 1.02\Chapter 7\LSMCpath\Release\link.command.1.tlog
C:\Users\Erik\Documents\Research\Book\Website\Work\QuantFinCode 1.02\Chapter 7\LSMCpath\Release\link.read.1.tlog
C:\Users\Erik\Documents\Research\Book\Website\Work\QuantFinCode 1.02\Chapter 7\LSMCpath\Release\link.read.4.tlog
C:\Users\Erik\Documents\Research\Book\Website\Work\QuantFinCode 1.02\Chapter 7\LSMCpath\Release\link.write.1.tlog
C:\Users\Erik\Documents\Research\Book\Website\Work\QuantFinCode 1.02\Chapter 7\LSMCpath\Release\vc110.pdb
C:\Users\Erik\Documents\Research\Book\Website\Work\QuantFinCode 1.02\Chapter 7\Release\LSMCpath.pdb
C:\Users\Erik\Documents\Research\Book\Website\Work\QuantFinCode 1.02\Chapter 7\Release\LSMCpath.exe
